src/game_lib/application/app.rs:111 [INFO] - Initializing the event loop...
src/game_lib/application/state.rs:60 [WARN] - The application is not initialized correctly...
src/game_lib/application/app.rs:37 [INFO] - Initializing the window...
src/game_lib/application/app.rs:46 [INFO] - Initializing the wgpu state...
/home/mrbigoudi/.cargo/registry/src/index.crates.io-6f17d22bba15001f/wgpu-hal-23.0.0/src/vulkan/instance.rs:79 [INFO] - GENERAL [Loader Message (0x0)]
    	Searching for implicit layer manifest files
/home/mrbigoudi/.cargo/registry/src/index.crates.io-6f17d22bba15001f/wgpu-hal-23.0.0/src/vulkan/instance.rs:131 [INFO] - 	objects: (type: INSTANCE, hndl: 0x59a8ce435cc0, name: ?)
/home/mrbigoudi/.cargo/registry/src/index.crates.io-6f17d22bba15001f/wgpu-hal-23.0.0/src/vulkan/instance.rs:79 [INFO] - GENERAL [Loader Message (0x0)]
    	   In following locations:
/home/mrbigoudi/.cargo/registry/src/index.crates.io-6f17d22bba15001f/wgpu-hal-23.0.0/src/vulkan/instance.rs:131 [INFO] - 	objects: (type: INSTANCE, hndl: 0x59a8ce435cc0, name: ?)
/home/mrbigoudi/.cargo/registry/src/index.crates.io-6f17d22bba15001f/wgpu-hal-23.0.0/src/vulkan/instance.rs:79 [INFO] - GENERAL [Loader Message (0x0)]
    	      /home/mrbigoudi/.config/vulkan/implicit_layer.d
/home/mrbigoudi/.cargo/registry/src/index.crates.io-6f17d22bba15001f/wgpu-hal-23.0.0/src/vulkan/instance.rs:131 [INFO] - 	objects: (type: INSTANCE, hndl: 0x59a8ce435cc0, name: ?)
/home/mrbigoudi/.cargo/registry/src/index.crates.io-6f17d22bba15001f/wgpu-hal-23.0.0/src/vulkan/instance.rs:79 [INFO] - GENERAL [Loader Message (0x0)]
    	      /etc/xdg/vulkan/implicit_layer.d
/home/mrbigoudi/.cargo/registry/src/index.crates.io-6f17d22bba15001f/wgpu-hal-23.0.0/src/vulkan/instance.rs:131 [INFO] - 	objects: (type: INSTANCE, hndl: 0x59a8ce435cc0, name: ?)
/home/mrbigoudi/.cargo/registry/src/index.crates.io-6f17d22bba15001f/wgpu-hal-23.0.0/src/vulkan/instance.rs:79 [INFO] - GENERAL [Loader Message (0x0)]
    	      /etc/vulkan/implicit_layer.d
/home/mrbigoudi/.cargo/registry/src/index.crates.io-6f17d22bba15001f/wgpu-hal-23.0.0/src/vulkan/instance.rs:131 [INFO] - 	objects: (type: INSTANCE, hndl: 0x59a8ce435cc0, name: ?)
/home/mrbigoudi/.cargo/registry/src/index.crates.io-6f17d22bba15001f/wgpu-hal-23.0.0/src/vulkan/instance.rs:79 [INFO] - GENERAL [Loader Message (0x0)]
    	      /home/mrbigoudi/.local/share/vulkan/implicit_layer.d
/home/mrbigoudi/.cargo/registry/src/index.crates.io-6f17d22bba15001f/wgpu-hal-23.0.0/src/vulkan/instance.rs:131 [INFO] - 	objects: (type: INSTANCE, hndl: 0x59a8ce435cc0, name: ?)
/home/mrbigoudi/.cargo/registry/src/index.crates.io-6f17d22bba15001f/wgpu-hal-23.0.0/src/vulkan/instance.rs:79 [INFO] - GENERAL [Loader Message (0x0)]
    	      /home/mrbigoudi/.local/share/flatpak/exports/share/vulkan/implicit_layer.d
/home/mrbigoudi/.cargo/registry/src/index.crates.io-6f17d22bba15001f/wgpu-hal-23.0.0/src/vulkan/instance.rs:131 [INFO] - 	objects: (type: INSTANCE, hndl: 0x59a8ce435cc0, name: ?)
/home/mrbigoudi/.cargo/registry/src/index.crates.io-6f17d22bba15001f/wgpu-hal-23.0.0/src/vulkan/instance.rs:79 [INFO] - GENERAL [Loader Message (0x0)]
    	      /var/lib/flatpak/exports/share/vulkan/implicit_layer.d
/home/mrbigoudi/.cargo/registry/src/index.crates.io-6f17d22bba15001f/wgpu-hal-23.0.0/src/vulkan/instance.rs:131 [INFO] - 	objects: (type: INSTANCE, hndl: 0x59a8ce435cc0, name: ?)
/home/mrbigoudi/.cargo/registry/src/index.crates.io-6f17d22bba15001f/wgpu-hal-23.0.0/src/vulkan/instance.rs:79 [INFO] - GENERAL [Loader Message (0x0)]
    	      /usr/local/share/vulkan/implicit_layer.d
/home/mrbigoudi/.cargo/registry/src/index.crates.io-6f17d22bba15001f/wgpu-hal-23.0.0/src/vulkan/instance.rs:131 [INFO] - 	objects: (type: INSTANCE, hndl: 0x59a8ce435cc0, name: ?)
/home/mrbigoudi/.cargo/registry/src/index.crates.io-6f17d22bba15001f/wgpu-hal-23.0.0/src/vulkan/instance.rs:79 [INFO] - GENERAL [Loader Message (0x0)]
    	      /usr/share/vulkan/implicit_layer.d
/home/mrbigoudi/.cargo/registry/src/index.crates.io-6f17d22bba15001f/wgpu-hal-23.0.0/src/vulkan/instance.rs:131 [INFO] - 	objects: (type: INSTANCE, hndl: 0x59a8ce435cc0, name: ?)
/home/mrbigoudi/.cargo/registry/src/index.crates.io-6f17d22bba15001f/wgpu-hal-23.0.0/src/vulkan/instance.rs:79 [INFO] - GENERAL [Loader Message (0x0)]
    	      /home/mrbigoudi/.nix-profile/share/vulkan/implicit_layer.d
/home/mrbigoudi/.cargo/registry/src/index.crates.io-6f17d22bba15001f/wgpu-hal-23.0.0/src/vulkan/instance.rs:131 [INFO] - 	objects: (type: INSTANCE, hndl: 0x59a8ce435cc0, name: ?)
/home/mrbigoudi/.cargo/registry/src/index.crates.io-6f17d22bba15001f/wgpu-hal-23.0.0/src/vulkan/instance.rs:79 [INFO] - GENERAL [Loader Message (0x0)]
    	      /nix/var/nix/profiles/default/share/vulkan/implicit_layer.d
/home/mrbigoudi/.cargo/registry/src/index.crates.io-6f17d22bba15001f/wgpu-hal-23.0.0/src/vulkan/instance.rs:131 [INFO] - 	objects: (type: INSTANCE, hndl: 0x59a8ce435cc0, name: ?)
/home/mrbigoudi/.cargo/registry/src/index.crates.io-6f17d22bba15001f/wgpu-hal-23.0.0/src/vulkan/instance.rs:79 [INFO] - GENERAL [Loader Message (0x0)]
    	      /var/lib/snapd/desktop/vulkan/implicit_layer.d
/home/mrbigoudi/.cargo/registry/src/index.crates.io-6f17d22bba15001f/wgpu-hal-23.0.0/src/vulkan/instance.rs:131 [INFO] - 	objects: (type: INSTANCE, hndl: 0x59a8ce435cc0, name: ?)
/home/mrbigoudi/.cargo/registry/src/index.crates.io-6f17d22bba15001f/wgpu-hal-23.0.0/src/vulkan/instance.rs:79 [INFO] - GENERAL [Loader Message (0x0)]
    	   Found the following files:
/home/mrbigoudi/.cargo/registry/src/index.crates.io-6f17d22bba15001f/wgpu-hal-23.0.0/src/vulkan/instance.rs:131 [INFO] - 	objects: (type: INSTANCE, hndl: 0x59a8ce435cc0, name: ?)
/home/mrbigoudi/.cargo/registry/src/index.crates.io-6f17d22bba15001f/wgpu-hal-23.0.0/src/vulkan/instance.rs:79 [INFO] - GENERAL [Loader Message (0x0)]
    	      /etc/vulkan/implicit_layer.d/renderdoc_capture.json
/home/mrbigoudi/.cargo/registry/src/index.crates.io-6f17d22bba15001f/wgpu-hal-23.0.0/src/vulkan/instance.rs:131 [INFO] - 	objects: (type: INSTANCE, hndl: 0x59a8ce435cc0, name: ?)
/home/mrbigoudi/.cargo/registry/src/index.crates.io-6f17d22bba15001f/wgpu-hal-23.0.0/src/vulkan/instance.rs:79 [INFO] - GENERAL [Loader Message (0x0)]
    	Found manifest file /etc/vulkan/implicit_layer.d/renderdoc_capture.json (file version 1.1.2)
/home/mrbigoudi/.cargo/registry/src/index.crates.io-6f17d22bba15001f/wgpu-hal-23.0.0/src/vulkan/instance.rs:131 [INFO] - 	objects: (type: INSTANCE, hndl: 0x59a8ce435cc0, name: ?)
/home/mrbigoudi/.cargo/registry/src/index.crates.io-6f17d22bba15001f/wgpu-hal-23.0.0/src/vulkan/instance.rs:79 [INFO] - GENERAL [Loader Message (0x0)]
    	Searching for explicit layer manifest files
/home/mrbigoudi/.cargo/registry/src/index.crates.io-6f17d22bba15001f/wgpu-hal-23.0.0/src/vulkan/instance.rs:131 [INFO] - 	objects: (type: INSTANCE, hndl: 0x59a8ce435cc0, name: ?)
/home/mrbigoudi/.cargo/registry/src/index.crates.io-6f17d22bba15001f/wgpu-hal-23.0.0/src/vulkan/instance.rs:79 [INFO] - GENERAL [Loader Message (0x0)]
    	   In following locations:
/home/mrbigoudi/.cargo/registry/src/index.crates.io-6f17d22bba15001f/wgpu-hal-23.0.0/src/vulkan/instance.rs:131 [INFO] - 	objects: (type: INSTANCE, hndl: 0x59a8ce435cc0, name: ?)
/home/mrbigoudi/.cargo/registry/src/index.crates.io-6f17d22bba15001f/wgpu-hal-23.0.0/src/vulkan/instance.rs:79 [INFO] - GENERAL [Loader Message (0x0)]
    	      /home/mrbigoudi/.config/vulkan/explicit_layer.d
/home/mrbigoudi/.cargo/registry/src/index.crates.io-6f17d22bba15001f/wgpu-hal-23.0.0/src/vulkan/instance.rs:131 [INFO] - 	objects: (type: INSTANCE, hndl: 0x59a8ce435cc0, name: ?)
/home/mrbigoudi/.cargo/registry/src/index.crates.io-6f17d22bba15001f/wgpu-hal-23.0.0/src/vulkan/instance.rs:79 [INFO] - GENERAL [Loader Message (0x0)]
    	      /etc/xdg/vulkan/explicit_layer.d
/home/mrbigoudi/.cargo/registry/src/index.crates.io-6f17d22bba15001f/wgpu-hal-23.0.0/src/vulkan/instance.rs:131 [INFO] - 	objects: (type: INSTANCE, hndl: 0x59a8ce435cc0, name: ?)
/home/mrbigoudi/.cargo/registry/src/index.crates.io-6f17d22bba15001f/wgpu-hal-23.0.0/src/vulkan/instance.rs:79 [INFO] - GENERAL [Loader Message (0x0)]
    	      /etc/vulkan/explicit_layer.d
/home/mrbigoudi/.cargo/registry/src/index.crates.io-6f17d22bba15001f/wgpu-hal-23.0.0/src/vulkan/instance.rs:131 [INFO] - 	objects: (type: INSTANCE, hndl: 0x59a8ce435cc0, name: ?)
/home/mrbigoudi/.cargo/registry/src/index.crates.io-6f17d22bba15001f/wgpu-hal-23.0.0/src/vulkan/instance.rs:79 [INFO] - GENERAL [Loader Message (0x0)]
    	      /home/mrbigoudi/.local/share/vulkan/explicit_layer.d
/home/mrbigoudi/.cargo/registry/src/index.crates.io-6f17d22bba15001f/wgpu-hal-23.0.0/src/vulkan/instance.rs:131 [INFO] - 	objects: (type: INSTANCE, hndl: 0x59a8ce435cc0, name: ?)
/home/mrbigoudi/.cargo/registry/src/index.crates.io-6f17d22bba15001f/wgpu-hal-23.0.0/src/vulkan/instance.rs:79 [INFO] - GENERAL [Loader Message (0x0)]
    	      /home/mrbigoudi/.local/share/flatpak/exports/share/vulkan/explicit_layer.d
/home/mrbigoudi/.cargo/registry/src/index.crates.io-6f17d22bba15001f/wgpu-hal-23.0.0/src/vulkan/instance.rs:131 [INFO] - 	objects: (type: INSTANCE, hndl: 0x59a8ce435cc0, name: ?)
/home/mrbigoudi/.cargo/registry/src/index.crates.io-6f17d22bba15001f/wgpu-hal-23.0.0/src/vulkan/instance.rs:79 [INFO] - GENERAL [Loader Message (0x0)]
    	      /var/lib/flatpak/exports/share/vulkan/explicit_layer.d
/home/mrbigoudi/.cargo/registry/src/index.crates.io-6f17d22bba15001f/wgpu-hal-23.0.0/src/vulkan/instance.rs:131 [INFO] - 	objects: (type: INSTANCE, hndl: 0x59a8ce435cc0, name: ?)
/home/mrbigoudi/.cargo/registry/src/index.crates.io-6f17d22bba15001f/wgpu-hal-23.0.0/src/vulkan/instance.rs:79 [INFO] - GENERAL [Loader Message (0x0)]
    	      /usr/local/share/vulkan/explicit_layer.d
/home/mrbigoudi/.cargo/registry/src/index.crates.io-6f17d22bba15001f/wgpu-hal-23.0.0/src/vulkan/instance.rs:131 [INFO] - 	objects: (type: INSTANCE, hndl: 0x59a8ce435cc0, name: ?)
/home/mrbigoudi/.cargo/registry/src/index.crates.io-6f17d22bba15001f/wgpu-hal-23.0.0/src/vulkan/instance.rs:79 [INFO] - GENERAL [Loader Message (0x0)]
    	      /usr/share/vulkan/explicit_layer.d
/home/mrbigoudi/.cargo/registry/src/index.crates.io-6f17d22bba15001f/wgpu-hal-23.0.0/src/vulkan/instance.rs:131 [INFO] - 	objects: (type: INSTANCE, hndl: 0x59a8ce435cc0, name: ?)
/home/mrbigoudi/.cargo/registry/src/index.crates.io-6f17d22bba15001f/wgpu-hal-23.0.0/src/vulkan/instance.rs:79 [INFO] - GENERAL [Loader Message (0x0)]
    	      /home/mrbigoudi/.nix-profile/share/vulkan/explicit_layer.d
/home/mrbigoudi/.cargo/registry/src/index.crates.io-6f17d22bba15001f/wgpu-hal-23.0.0/src/vulkan/instance.rs:131 [INFO] - 	objects: (type: INSTANCE, hndl: 0x59a8ce435cc0, name: ?)
/home/mrbigoudi/.cargo/registry/src/index.crates.io-6f17d22bba15001f/wgpu-hal-23.0.0/src/vulkan/instance.rs:79 [INFO] - GENERAL [Loader Message (0x0)]
    	      /nix/var/nix/profiles/default/share/vulkan/explicit_layer.d
/home/mrbigoudi/.cargo/registry/src/index.crates.io-6f17d22bba15001f/wgpu-hal-23.0.0/src/vulkan/instance.rs:131 [INFO] - 	objects: (type: INSTANCE, hndl: 0x59a8ce435cc0, name: ?)
/home/mrbigoudi/.cargo/registry/src/index.crates.io-6f17d22bba15001f/wgpu-hal-23.0.0/src/vulkan/instance.rs:79 [INFO] - GENERAL [Loader Message (0x0)]
    	      /var/lib/snapd/desktop/vulkan/explicit_layer.d
/home/mrbigoudi/.cargo/registry/src/index.crates.io-6f17d22bba15001f/wgpu-hal-23.0.0/src/vulkan/instance.rs:131 [INFO] - 	objects: (type: INSTANCE, hndl: 0x59a8ce435cc0, name: ?)
/home/mrbigoudi/.cargo/registry/src/index.crates.io-6f17d22bba15001f/wgpu-hal-23.0.0/src/vulkan/instance.rs:79 [INFO] - GENERAL [Loader Message (0x0)]
    	   Found the following files:
/home/mrbigoudi/.cargo/registry/src/index.crates.io-6f17d22bba15001f/wgpu-hal-23.0.0/src/vulkan/instance.rs:131 [INFO] - 	objects: (type: INSTANCE, hndl: 0x59a8ce435cc0, name: ?)
/home/mrbigoudi/.cargo/registry/src/index.crates.io-6f17d22bba15001f/wgpu-hal-23.0.0/src/vulkan/instance.rs:79 [INFO] - GENERAL [Loader Message (0x0)]
    	      /usr/share/vulkan/explicit_layer.d/VkLayer_khronos_validation.json
/home/mrbigoudi/.cargo/registry/src/index.crates.io-6f17d22bba15001f/wgpu-hal-23.0.0/src/vulkan/instance.rs:131 [INFO] - 	objects: (type: INSTANCE, hndl: 0x59a8ce435cc0, name: ?)
/home/mrbigoudi/.cargo/registry/src/index.crates.io-6f17d22bba15001f/wgpu-hal-23.0.0/src/vulkan/instance.rs:79 [INFO] - GENERAL [Loader Message (0x0)]
    	Found manifest file /usr/share/vulkan/explicit_layer.d/VkLayer_khronos_validation.json (file version 1.2.0)
/home/mrbigoudi/.cargo/registry/src/index.crates.io-6f17d22bba15001f/wgpu-hal-23.0.0/src/vulkan/instance.rs:131 [INFO] - 	objects: (type: INSTANCE, hndl: 0x59a8ce435cc0, name: ?)
/home/mrbigoudi/.cargo/registry/src/index.crates.io-6f17d22bba15001f/wgpu-hal-23.0.0/src/vulkan/instance.rs:79 [INFO] - GENERAL [Loader Message (0x0)]
    	Searching for driver manifest files
/home/mrbigoudi/.cargo/registry/src/index.crates.io-6f17d22bba15001f/wgpu-hal-23.0.0/src/vulkan/instance.rs:131 [INFO] - 	objects: (type: INSTANCE, hndl: 0x59a8ce435cc0, name: ?)
/home/mrbigoudi/.cargo/registry/src/index.crates.io-6f17d22bba15001f/wgpu-hal-23.0.0/src/vulkan/instance.rs:79 [INFO] - GENERAL [Loader Message (0x0)]
    	   In following locations:
/home/mrbigoudi/.cargo/registry/src/index.crates.io-6f17d22bba15001f/wgpu-hal-23.0.0/src/vulkan/instance.rs:131 [INFO] - 	objects: (type: INSTANCE, hndl: 0x59a8ce435cc0, name: ?)
/home/mrbigoudi/.cargo/registry/src/index.crates.io-6f17d22bba15001f/wgpu-hal-23.0.0/src/vulkan/instance.rs:79 [INFO] - GENERAL [Loader Message (0x0)]
    	      /home/mrbigoudi/.config/vulkan/icd.d
/home/mrbigoudi/.cargo/registry/src/index.crates.io-6f17d22bba15001f/wgpu-hal-23.0.0/src/vulkan/instance.rs:131 [INFO] - 	objects: (type: INSTANCE, hndl: 0x59a8ce435cc0, name: ?)
/home/mrbigoudi/.cargo/registry/src/index.crates.io-6f17d22bba15001f/wgpu-hal-23.0.0/src/vulkan/instance.rs:79 [INFO] - GENERAL [Loader Message (0x0)]
    	      /etc/xdg/vulkan/icd.d
/home/mrbigoudi/.cargo/registry/src/index.crates.io-6f17d22bba15001f/wgpu-hal-23.0.0/src/vulkan/instance.rs:131 [INFO] - 	objects: (type: INSTANCE, hndl: 0x59a8ce435cc0, name: ?)
/home/mrbigoudi/.cargo/registry/src/index.crates.io-6f17d22bba15001f/wgpu-hal-23.0.0/src/vulkan/instance.rs:79 [INFO] - GENERAL [Loader Message (0x0)]
    	      /etc/vulkan/icd.d
/home/mrbigoudi/.cargo/registry/src/index.crates.io-6f17d22bba15001f/wgpu-hal-23.0.0/src/vulkan/instance.rs:131 [INFO] - 	objects: (type: INSTANCE, hndl: 0x59a8ce435cc0, name: ?)
/home/mrbigoudi/.cargo/registry/src/index.crates.io-6f17d22bba15001f/wgpu-hal-23.0.0/src/vulkan/instance.rs:79 [INFO] - GENERAL [Loader Message (0x0)]
    	      /home/mrbigoudi/.local/share/vulkan/icd.d
/home/mrbigoudi/.cargo/registry/src/index.crates.io-6f17d22bba15001f/wgpu-hal-23.0.0/src/vulkan/instance.rs:131 [INFO] - 	objects: (type: INSTANCE, hndl: 0x59a8ce435cc0, name: ?)
/home/mrbigoudi/.cargo/registry/src/index.crates.io-6f17d22bba15001f/wgpu-hal-23.0.0/src/vulkan/instance.rs:79 [INFO] - GENERAL [Loader Message (0x0)]
    	      /home/mrbigoudi/.local/share/flatpak/exports/share/vulkan/icd.d
/home/mrbigoudi/.cargo/registry/src/index.crates.io-6f17d22bba15001f/wgpu-hal-23.0.0/src/vulkan/instance.rs:131 [INFO] - 	objects: (type: INSTANCE, hndl: 0x59a8ce435cc0, name: ?)
/home/mrbigoudi/.cargo/registry/src/index.crates.io-6f17d22bba15001f/wgpu-hal-23.0.0/src/vulkan/instance.rs:79 [INFO] - GENERAL [Loader Message (0x0)]
    	      /var/lib/flatpak/exports/share/vulkan/icd.d
/home/mrbigoudi/.cargo/registry/src/index.crates.io-6f17d22bba15001f/wgpu-hal-23.0.0/src/vulkan/instance.rs:131 [INFO] - 	objects: (type: INSTANCE, hndl: 0x59a8ce435cc0, name: ?)
/home/mrbigoudi/.cargo/registry/src/index.crates.io-6f17d22bba15001f/wgpu-hal-23.0.0/src/vulkan/instance.rs:79 [INFO] - GENERAL [Loader Message (0x0)]
    	      /usr/local/share/vulkan/icd.d
/home/mrbigoudi/.cargo/registry/src/index.crates.io-6f17d22bba15001f/wgpu-hal-23.0.0/src/vulkan/instance.rs:131 [INFO] - 	objects: (type: INSTANCE, hndl: 0x59a8ce435cc0, name: ?)
/home/mrbigoudi/.cargo/registry/src/index.crates.io-6f17d22bba15001f/wgpu-hal-23.0.0/src/vulkan/instance.rs:79 [INFO] - GENERAL [Loader Message (0x0)]
    	      /usr/share/vulkan/icd.d
/home/mrbigoudi/.cargo/registry/src/index.crates.io-6f17d22bba15001f/wgpu-hal-23.0.0/src/vulkan/instance.rs:131 [INFO] - 	objects: (type: INSTANCE, hndl: 0x59a8ce435cc0, name: ?)
/home/mrbigoudi/.cargo/registry/src/index.crates.io-6f17d22bba15001f/wgpu-hal-23.0.0/src/vulkan/instance.rs:79 [INFO] - GENERAL [Loader Message (0x0)]
    	      /home/mrbigoudi/.nix-profile/share/vulkan/icd.d
/home/mrbigoudi/.cargo/registry/src/index.crates.io-6f17d22bba15001f/wgpu-hal-23.0.0/src/vulkan/instance.rs:131 [INFO] - 	objects: (type: INSTANCE, hndl: 0x59a8ce435cc0, name: ?)
/home/mrbigoudi/.cargo/registry/src/index.crates.io-6f17d22bba15001f/wgpu-hal-23.0.0/src/vulkan/instance.rs:79 [INFO] - GENERAL [Loader Message (0x0)]
    	      /nix/var/nix/profiles/default/share/vulkan/icd.d
/home/mrbigoudi/.cargo/registry/src/index.crates.io-6f17d22bba15001f/wgpu-hal-23.0.0/src/vulkan/instance.rs:131 [INFO] - 	objects: (type: INSTANCE, hndl: 0x59a8ce435cc0, name: ?)
/home/mrbigoudi/.cargo/registry/src/index.crates.io-6f17d22bba15001f/wgpu-hal-23.0.0/src/vulkan/instance.rs:79 [INFO] - GENERAL [Loader Message (0x0)]
    	      /var/lib/snapd/desktop/vulkan/icd.d
/home/mrbigoudi/.cargo/registry/src/index.crates.io-6f17d22bba15001f/wgpu-hal-23.0.0/src/vulkan/instance.rs:131 [INFO] - 	objects: (type: INSTANCE, hndl: 0x59a8ce435cc0, name: ?)
/home/mrbigoudi/.cargo/registry/src/index.crates.io-6f17d22bba15001f/wgpu-hal-23.0.0/src/vulkan/instance.rs:79 [INFO] - GENERAL [Loader Message (0x0)]
    	   Found the following files:
/home/mrbigoudi/.cargo/registry/src/index.crates.io-6f17d22bba15001f/wgpu-hal-23.0.0/src/vulkan/instance.rs:131 [INFO] - 	objects: (type: INSTANCE, hndl: 0x59a8ce435cc0, name: ?)
/home/mrbigoudi/.cargo/registry/src/index.crates.io-6f17d22bba15001f/wgpu-hal-23.0.0/src/vulkan/instance.rs:79 [INFO] - GENERAL [Loader Message (0x0)]
    	      /usr/share/vulkan/icd.d/intel_icd.x86_64.json
/home/mrbigoudi/.cargo/registry/src/index.crates.io-6f17d22bba15001f/wgpu-hal-23.0.0/src/vulkan/instance.rs:131 [INFO] - 	objects: (type: INSTANCE, hndl: 0x59a8ce435cc0, name: ?)
/home/mrbigoudi/.cargo/registry/src/index.crates.io-6f17d22bba15001f/wgpu-hal-23.0.0/src/vulkan/instance.rs:79 [INFO] - GENERAL [Loader Message (0x0)]
    	      /usr/share/vulkan/icd.d/intel_hasvk_icd.x86_64.json
/home/mrbigoudi/.cargo/registry/src/index.crates.io-6f17d22bba15001f/wgpu-hal-23.0.0/src/vulkan/instance.rs:131 [INFO] - 	objects: (type: INSTANCE, hndl: 0x59a8ce435cc0, name: ?)
/home/mrbigoudi/.cargo/registry/src/index.crates.io-6f17d22bba15001f/wgpu-hal-23.0.0/src/vulkan/instance.rs:79 [INFO] - GENERAL [Loader Message (0x0)]
    	Found ICD manifest file /usr/share/vulkan/icd.d/intel_icd.x86_64.json, version 1.0.0
/home/mrbigoudi/.cargo/registry/src/index.crates.io-6f17d22bba15001f/wgpu-hal-23.0.0/src/vulkan/instance.rs:131 [INFO] - 	objects: (type: INSTANCE, hndl: 0x59a8ce435cc0, name: ?)
/home/mrbigoudi/.cargo/registry/src/index.crates.io-6f17d22bba15001f/wgpu-hal-23.0.0/src/vulkan/instance.rs:79 [DEBUG] - GENERAL [Loader Message (0x0)]
    	Searching for ICD drivers named /usr/lib/libvulkan_intel.so
/home/mrbigoudi/.cargo/registry/src/index.crates.io-6f17d22bba15001f/wgpu-hal-23.0.0/src/vulkan/instance.rs:131 [DEBUG] - 	objects: (type: INSTANCE, hndl: 0x59a8ce435cc0, name: ?)
/home/mrbigoudi/.cargo/registry/src/index.crates.io-6f17d22bba15001f/wgpu-hal-23.0.0/src/vulkan/instance.rs:79 [INFO] - GENERAL [Loader Message (0x0)]
    	Found ICD manifest file /usr/share/vulkan/icd.d/intel_hasvk_icd.x86_64.json, version 1.0.0
/home/mrbigoudi/.cargo/registry/src/index.crates.io-6f17d22bba15001f/wgpu-hal-23.0.0/src/vulkan/instance.rs:131 [INFO] - 	objects: (type: INSTANCE, hndl: 0x59a8ce435cc0, name: ?)
/home/mrbigoudi/.cargo/registry/src/index.crates.io-6f17d22bba15001f/wgpu-hal-23.0.0/src/vulkan/instance.rs:79 [DEBUG] - GENERAL [Loader Message (0x0)]
    	Searching for ICD drivers named /usr/lib/libvulkan_intel_hasvk.so
/home/mrbigoudi/.cargo/registry/src/index.crates.io-6f17d22bba15001f/wgpu-hal-23.0.0/src/vulkan/instance.rs:131 [DEBUG] - 	objects: (type: INSTANCE, hndl: 0x59a8ce435cc0, name: ?)
/home/mrbigoudi/.cargo/registry/src/index.crates.io-6f17d22bba15001f/wgpu-hal-23.0.0/src/vulkan/instance.rs:79 [DEBUG] - GENERAL [Loader Message (0x0)]
    	Loading layer library libVkLayer_khronos_validation.so
/home/mrbigoudi/.cargo/registry/src/index.crates.io-6f17d22bba15001f/wgpu-hal-23.0.0/src/vulkan/instance.rs:131 [DEBUG] - 	objects: (type: INSTANCE, hndl: 0x59a8ce435cc0, name: ?)
/home/mrbigoudi/.cargo/registry/src/index.crates.io-6f17d22bba15001f/wgpu-hal-23.0.0/src/vulkan/instance.rs:79 [INFO] - GENERAL [Loader Message (0x0)]
    	Insert instance layer "VK_LAYER_KHRONOS_validation" (libVkLayer_khronos_validation.so)
/home/mrbigoudi/.cargo/registry/src/index.crates.io-6f17d22bba15001f/wgpu-hal-23.0.0/src/vulkan/instance.rs:131 [INFO] - 	objects: (type: INSTANCE, hndl: 0x59a8ce435cc0, name: ?)
/home/mrbigoudi/.cargo/registry/src/index.crates.io-6f17d22bba15001f/wgpu-hal-23.0.0/src/vulkan/instance.rs:79 [INFO] - GENERAL [Loader Message (0x0)]
    	vkCreateInstance layer callstack setup to:
/home/mrbigoudi/.cargo/registry/src/index.crates.io-6f17d22bba15001f/wgpu-hal-23.0.0/src/vulkan/instance.rs:131 [INFO] - 	objects: (type: INSTANCE, hndl: 0x59a8ce435cc0, name: ?)
/home/mrbigoudi/.cargo/registry/src/index.crates.io-6f17d22bba15001f/wgpu-hal-23.0.0/src/vulkan/instance.rs:79 [INFO] - GENERAL [Loader Message (0x0)]
    	   <Application>
/home/mrbigoudi/.cargo/registry/src/index.crates.io-6f17d22bba15001f/wgpu-hal-23.0.0/src/vulkan/instance.rs:131 [INFO] - 	objects: (type: INSTANCE, hndl: 0x59a8ce435cc0, name: ?)
/home/mrbigoudi/.cargo/registry/src/index.crates.io-6f17d22bba15001f/wgpu-hal-23.0.0/src/vulkan/instance.rs:79 [INFO] - GENERAL [Loader Message (0x0)]
    	     ||
/home/mrbigoudi/.cargo/registry/src/index.crates.io-6f17d22bba15001f/wgpu-hal-23.0.0/src/vulkan/instance.rs:131 [INFO] - 	objects: (type: INSTANCE, hndl: 0x59a8ce435cc0, name: ?)
/home/mrbigoudi/.cargo/registry/src/index.crates.io-6f17d22bba15001f/wgpu-hal-23.0.0/src/vulkan/instance.rs:79 [INFO] - GENERAL [Loader Message (0x0)]
    	   <Loader>
/home/mrbigoudi/.cargo/registry/src/index.crates.io-6f17d22bba15001f/wgpu-hal-23.0.0/src/vulkan/instance.rs:131 [INFO] - 	objects: (type: INSTANCE, hndl: 0x59a8ce435cc0, name: ?)
/home/mrbigoudi/.cargo/registry/src/index.crates.io-6f17d22bba15001f/wgpu-hal-23.0.0/src/vulkan/instance.rs:79 [INFO] - GENERAL [Loader Message (0x0)]
    	     ||
/home/mrbigoudi/.cargo/registry/src/index.crates.io-6f17d22bba15001f/wgpu-hal-23.0.0/src/vulkan/instance.rs:131 [INFO] - 	objects: (type: INSTANCE, hndl: 0x59a8ce435cc0, name: ?)
/home/mrbigoudi/.cargo/registry/src/index.crates.io-6f17d22bba15001f/wgpu-hal-23.0.0/src/vulkan/instance.rs:79 [INFO] - GENERAL [Loader Message (0x0)]
    	   VK_LAYER_KHRONOS_validation
/home/mrbigoudi/.cargo/registry/src/index.crates.io-6f17d22bba15001f/wgpu-hal-23.0.0/src/vulkan/instance.rs:131 [INFO] - 	objects: (type: INSTANCE, hndl: 0x59a8ce435cc0, name: ?)
/home/mrbigoudi/.cargo/registry/src/index.crates.io-6f17d22bba15001f/wgpu-hal-23.0.0/src/vulkan/instance.rs:79 [INFO] - GENERAL [Loader Message (0x0)]
    	           Type: Explicit
/home/mrbigoudi/.cargo/registry/src/index.crates.io-6f17d22bba15001f/wgpu-hal-23.0.0/src/vulkan/instance.rs:131 [INFO] - 	objects: (type: INSTANCE, hndl: 0x59a8ce435cc0, name: ?)
/home/mrbigoudi/.cargo/registry/src/index.crates.io-6f17d22bba15001f/wgpu-hal-23.0.0/src/vulkan/instance.rs:79 [INFO] - GENERAL [Loader Message (0x0)]
    	           Manifest: /usr/share/vulkan/explicit_layer.d/VkLayer_khronos_validation.json
/home/mrbigoudi/.cargo/registry/src/index.crates.io-6f17d22bba15001f/wgpu-hal-23.0.0/src/vulkan/instance.rs:131 [INFO] - 	objects: (type: INSTANCE, hndl: 0x59a8ce435cc0, name: ?)
/home/mrbigoudi/.cargo/registry/src/index.crates.io-6f17d22bba15001f/wgpu-hal-23.0.0/src/vulkan/instance.rs:79 [INFO] - GENERAL [Loader Message (0x0)]
    	           Library:  libVkLayer_khronos_validation.so
/home/mrbigoudi/.cargo/registry/src/index.crates.io-6f17d22bba15001f/wgpu-hal-23.0.0/src/vulkan/instance.rs:131 [INFO] - 	objects: (type: INSTANCE, hndl: 0x59a8ce435cc0, name: ?)
/home/mrbigoudi/.cargo/registry/src/index.crates.io-6f17d22bba15001f/wgpu-hal-23.0.0/src/vulkan/instance.rs:79 [INFO] - GENERAL [Loader Message (0x0)]
    	     ||
/home/mrbigoudi/.cargo/registry/src/index.crates.io-6f17d22bba15001f/wgpu-hal-23.0.0/src/vulkan/instance.rs:131 [INFO] - 	objects: (type: INSTANCE, hndl: 0x59a8ce435cc0, name: ?)
/home/mrbigoudi/.cargo/registry/src/index.crates.io-6f17d22bba15001f/wgpu-hal-23.0.0/src/vulkan/instance.rs:79 [INFO] - GENERAL [Loader Message (0x0)]
    	   <Drivers>
/home/mrbigoudi/.cargo/registry/src/index.crates.io-6f17d22bba15001f/wgpu-hal-23.0.0/src/vulkan/instance.rs:131 [INFO] - 	objects: (type: INSTANCE, hndl: 0x59a8ce435cc0, name: ?)
/home/mrbigoudi/.cargo/registry/src/index.crates.io-6f17d22bba15001f/wgpu-hal-23.0.0/src/vulkan/instance.rs:79 [INFO] - VALIDATION [WARNING-CreateInstance-status-message (0x23dfd876)]
    	Validation Information: [ WARNING-CreateInstance-status-message ] Object 0: handle = 0x59a8ce435cc0, type = VK_OBJECT_TYPE_INSTANCE; | MessageID = 0x23dfd876 | vkCreateInstance():  Khronos Validation Layer Active:
        Settings File: None. Default location is /home/mrbigoudi/Projects/pokemon-rs\vk_layer_settings.txt.
        Current Enables: VK_VALIDATION_FEATURE_ENABLE_SYNCHRONIZATION_VALIDATION_EXT.
        Current Disables: None.
    
/home/mrbigoudi/.cargo/registry/src/index.crates.io-6f17d22bba15001f/wgpu-hal-23.0.0/src/vulkan/instance.rs:131 [INFO] - 	objects: (type: INSTANCE, hndl: 0x59a8ce435cc0, name: ?)
/home/mrbigoudi/.cargo/registry/src/index.crates.io-6f17d22bba15001f/wgpu-hal-23.0.0/src/vulkan/instance.rs:79 [INFO] - GENERAL [Loader Message (0x0)]
    	linux_read_sorted_physical_devices:
/home/mrbigoudi/.cargo/registry/src/index.crates.io-6f17d22bba15001f/wgpu-hal-23.0.0/src/vulkan/instance.rs:131 [INFO] - 	objects: (type: INSTANCE, hndl: 0x59a8ce435cc0, name: ?)
/home/mrbigoudi/.cargo/registry/src/index.crates.io-6f17d22bba15001f/wgpu-hal-23.0.0/src/vulkan/instance.rs:79 [INFO] - GENERAL [Loader Message (0x0)]
    	     Original order:
/home/mrbigoudi/.cargo/registry/src/index.crates.io-6f17d22bba15001f/wgpu-hal-23.0.0/src/vulkan/instance.rs:131 [INFO] - 	objects: (type: INSTANCE, hndl: 0x59a8ce435cc0, name: ?)
/home/mrbigoudi/.cargo/registry/src/index.crates.io-6f17d22bba15001f/wgpu-hal-23.0.0/src/vulkan/instance.rs:79 [INFO] - GENERAL [Loader Message (0x0)]
    	           [0] Intel(R) Xe Graphics (TGL GT2)
/home/mrbigoudi/.cargo/registry/src/index.crates.io-6f17d22bba15001f/wgpu-hal-23.0.0/src/vulkan/instance.rs:131 [INFO] - 	objects: (type: INSTANCE, hndl: 0x59a8ce435cc0, name: ?)
/home/mrbigoudi/.cargo/registry/src/index.crates.io-6f17d22bba15001f/wgpu-hal-23.0.0/src/vulkan/instance.rs:79 [INFO] - GENERAL [Loader Message (0x0)]
    	     Sorted order:
/home/mrbigoudi/.cargo/registry/src/index.crates.io-6f17d22bba15001f/wgpu-hal-23.0.0/src/vulkan/instance.rs:131 [INFO] - 	objects: (type: INSTANCE, hndl: 0x59a8ce435cc0, name: ?)
/home/mrbigoudi/.cargo/registry/src/index.crates.io-6f17d22bba15001f/wgpu-hal-23.0.0/src/vulkan/instance.rs:79 [INFO] - GENERAL [Loader Message (0x0)]
    	           [0] Intel(R) Xe Graphics (TGL GT2)  
/home/mrbigoudi/.cargo/registry/src/index.crates.io-6f17d22bba15001f/wgpu-hal-23.0.0/src/vulkan/instance.rs:131 [INFO] - 	objects: (type: INSTANCE, hndl: 0x59a8ce435cc0, name: ?)
/home/mrbigoudi/.cargo/registry/src/index.crates.io-6f17d22bba15001f/wgpu-hal-23.0.0/src/vulkan/instance.rs:79 [INFO] - GENERAL [Loader Message (0x0)]
    	linux_read_sorted_physical_devices:
/home/mrbigoudi/.cargo/registry/src/index.crates.io-6f17d22bba15001f/wgpu-hal-23.0.0/src/vulkan/instance.rs:131 [INFO] - 	objects: (type: INSTANCE, hndl: 0x59a8ce435cc0, name: ?)
/home/mrbigoudi/.cargo/registry/src/index.crates.io-6f17d22bba15001f/wgpu-hal-23.0.0/src/vulkan/instance.rs:79 [INFO] - GENERAL [Loader Message (0x0)]
    	     Original order:
/home/mrbigoudi/.cargo/registry/src/index.crates.io-6f17d22bba15001f/wgpu-hal-23.0.0/src/vulkan/instance.rs:131 [INFO] - 	objects: (type: INSTANCE, hndl: 0x59a8ce435cc0, name: ?)
/home/mrbigoudi/.cargo/registry/src/index.crates.io-6f17d22bba15001f/wgpu-hal-23.0.0/src/vulkan/instance.rs:79 [INFO] - GENERAL [Loader Message (0x0)]
    	           [0] Intel(R) Xe Graphics (TGL GT2)
/home/mrbigoudi/.cargo/registry/src/index.crates.io-6f17d22bba15001f/wgpu-hal-23.0.0/src/vulkan/instance.rs:131 [INFO] - 	objects: (type: INSTANCE, hndl: 0x59a8ce435cc0, name: ?)
/home/mrbigoudi/.cargo/registry/src/index.crates.io-6f17d22bba15001f/wgpu-hal-23.0.0/src/vulkan/instance.rs:79 [INFO] - GENERAL [Loader Message (0x0)]
    	     Sorted order:
/home/mrbigoudi/.cargo/registry/src/index.crates.io-6f17d22bba15001f/wgpu-hal-23.0.0/src/vulkan/instance.rs:131 [INFO] - 	objects: (type: INSTANCE, hndl: 0x59a8ce435cc0, name: ?)
/home/mrbigoudi/.cargo/registry/src/index.crates.io-6f17d22bba15001f/wgpu-hal-23.0.0/src/vulkan/instance.rs:79 [INFO] - GENERAL [Loader Message (0x0)]
    	           [0] Intel(R) Xe Graphics (TGL GT2)  
/home/mrbigoudi/.cargo/registry/src/index.crates.io-6f17d22bba15001f/wgpu-hal-23.0.0/src/vulkan/instance.rs:131 [INFO] - 	objects: (type: INSTANCE, hndl: 0x59a8ce435cc0, name: ?)
/home/mrbigoudi/.cargo/registry/src/index.crates.io-6f17d22bba15001f/wgpu-hal-23.0.0/src/vulkan/instance.rs:79 [DEBUG] - GENERAL [Loader Message (0x0)]
    	Copying old device 0 into new device 0
/home/mrbigoudi/.cargo/registry/src/index.crates.io-6f17d22bba15001f/wgpu-hal-23.0.0/src/vulkan/instance.rs:131 [DEBUG] - 	objects: (type: INSTANCE, hndl: 0x59a8ce435cc0, name: ?)
/home/mrbigoudi/.cargo/registry/src/index.crates.io-6f17d22bba15001f/wgpu-hal-23.0.0/src/vulkan/instance.rs:79 [INFO] - GENERAL [Loader Message (0x0)]
    	linux_read_sorted_physical_devices:
/home/mrbigoudi/.cargo/registry/src/index.crates.io-6f17d22bba15001f/wgpu-hal-23.0.0/src/vulkan/instance.rs:131 [INFO] - 	objects: (type: INSTANCE, hndl: 0x59a8ce435cc0, name: ?)
/home/mrbigoudi/.cargo/registry/src/index.crates.io-6f17d22bba15001f/wgpu-hal-23.0.0/src/vulkan/instance.rs:79 [INFO] - GENERAL [Loader Message (0x0)]
    	     Original order:
/home/mrbigoudi/.cargo/registry/src/index.crates.io-6f17d22bba15001f/wgpu-hal-23.0.0/src/vulkan/instance.rs:131 [INFO] - 	objects: (type: INSTANCE, hndl: 0x59a8ce435cc0, name: ?)
/home/mrbigoudi/.cargo/registry/src/index.crates.io-6f17d22bba15001f/wgpu-hal-23.0.0/src/vulkan/instance.rs:79 [INFO] - GENERAL [Loader Message (0x0)]
    	           [0] Intel(R) Xe Graphics (TGL GT2)
/home/mrbigoudi/.cargo/registry/src/index.crates.io-6f17d22bba15001f/wgpu-hal-23.0.0/src/vulkan/instance.rs:131 [INFO] - 	objects: (type: INSTANCE, hndl: 0x59a8ce435cc0, name: ?)
/home/mrbigoudi/.cargo/registry/src/index.crates.io-6f17d22bba15001f/wgpu-hal-23.0.0/src/vulkan/instance.rs:79 [INFO] - GENERAL [Loader Message (0x0)]
    	     Sorted order:
/home/mrbigoudi/.cargo/registry/src/index.crates.io-6f17d22bba15001f/wgpu-hal-23.0.0/src/vulkan/instance.rs:131 [INFO] - 	objects: (type: INSTANCE, hndl: 0x59a8ce435cc0, name: ?)
/home/mrbigoudi/.cargo/registry/src/index.crates.io-6f17d22bba15001f/wgpu-hal-23.0.0/src/vulkan/instance.rs:79 [INFO] - GENERAL [Loader Message (0x0)]
    	           [0] Intel(R) Xe Graphics (TGL GT2)  
/home/mrbigoudi/.cargo/registry/src/index.crates.io-6f17d22bba15001f/wgpu-hal-23.0.0/src/vulkan/instance.rs:131 [INFO] - 	objects: (type: INSTANCE, hndl: 0x59a8ce435cc0, name: ?)
/home/mrbigoudi/.cargo/registry/src/index.crates.io-6f17d22bba15001f/wgpu-hal-23.0.0/src/vulkan/instance.rs:79 [DEBUG] - GENERAL [Loader Message (0x0)]
    	Copying old device 0 into new device 0
/home/mrbigoudi/.cargo/registry/src/index.crates.io-6f17d22bba15001f/wgpu-hal-23.0.0/src/vulkan/instance.rs:131 [DEBUG] - 	objects: (type: INSTANCE, hndl: 0x59a8ce435cc0, name: ?)
/home/mrbigoudi/.cargo/registry/src/index.crates.io-6f17d22bba15001f/wgpu-hal-23.0.0/src/vulkan/instance.rs:79 [INFO] - GENERAL [Loader Message (0x0)]
    	linux_read_sorted_physical_devices:
/home/mrbigoudi/.cargo/registry/src/index.crates.io-6f17d22bba15001f/wgpu-hal-23.0.0/src/vulkan/instance.rs:131 [INFO] - 	objects: (type: INSTANCE, hndl: 0x59a8ce435cc0, name: ?)
/home/mrbigoudi/.cargo/registry/src/index.crates.io-6f17d22bba15001f/wgpu-hal-23.0.0/src/vulkan/instance.rs:79 [INFO] - GENERAL [Loader Message (0x0)]
    	     Original order:
/home/mrbigoudi/.cargo/registry/src/index.crates.io-6f17d22bba15001f/wgpu-hal-23.0.0/src/vulkan/instance.rs:131 [INFO] - 	objects: (type: INSTANCE, hndl: 0x59a8ce435cc0, name: ?)
/home/mrbigoudi/.cargo/registry/src/index.crates.io-6f17d22bba15001f/wgpu-hal-23.0.0/src/vulkan/instance.rs:79 [INFO] - GENERAL [Loader Message (0x0)]
    	           [0] Intel(R) Xe Graphics (TGL GT2)
/home/mrbigoudi/.cargo/registry/src/index.crates.io-6f17d22bba15001f/wgpu-hal-23.0.0/src/vulkan/instance.rs:131 [INFO] - 	objects: (type: INSTANCE, hndl: 0x59a8ce435cc0, name: ?)
/home/mrbigoudi/.cargo/registry/src/index.crates.io-6f17d22bba15001f/wgpu-hal-23.0.0/src/vulkan/instance.rs:79 [INFO] - GENERAL [Loader Message (0x0)]
    	     Sorted order:
/home/mrbigoudi/.cargo/registry/src/index.crates.io-6f17d22bba15001f/wgpu-hal-23.0.0/src/vulkan/instance.rs:131 [INFO] - 	objects: (type: INSTANCE, hndl: 0x59a8ce435cc0, name: ?)
/home/mrbigoudi/.cargo/registry/src/index.crates.io-6f17d22bba15001f/wgpu-hal-23.0.0/src/vulkan/instance.rs:79 [INFO] - GENERAL [Loader Message (0x0)]
    	           [0] Intel(R) Xe Graphics (TGL GT2)  
/home/mrbigoudi/.cargo/registry/src/index.crates.io-6f17d22bba15001f/wgpu-hal-23.0.0/src/vulkan/instance.rs:131 [INFO] - 	objects: (type: INSTANCE, hndl: 0x59a8ce435cc0, name: ?)
/home/mrbigoudi/.cargo/registry/src/index.crates.io-6f17d22bba15001f/wgpu-hal-23.0.0/src/vulkan/instance.rs:79 [DEBUG] - GENERAL [Loader Message (0x0)]
    	Copying old device 0 into new device 0
/home/mrbigoudi/.cargo/registry/src/index.crates.io-6f17d22bba15001f/wgpu-hal-23.0.0/src/vulkan/instance.rs:131 [DEBUG] - 	objects: (type: INSTANCE, hndl: 0x59a8ce435cc0, name: ?)
/home/mrbigoudi/.cargo/registry/src/index.crates.io-6f17d22bba15001f/wgpu-hal-23.0.0/src/vulkan/instance.rs:330 [DEBUG] - Instance version: 0x403127
/home/mrbigoudi/.cargo/registry/src/index.crates.io-6f17d22bba15001f/wgpu-hal-23.0.0/src/vulkan/instance.rs:334 [INFO] - Enabling debug utils
/home/mrbigoudi/.cargo/registry/src/index.crates.io-6f17d22bba15001f/wgpu-hal-23.0.0/src/vulkan/instance.rs:360 [DEBUG] - Enabling device properties2
/home/mrbigoudi/.cargo/registry/src/index.crates.io-6f17d22bba15001f/wgpu-core-23.0.0/src/instance.rs:83 [DEBUG] - Instance::new: created Vulkan backend
/home/mrbigoudi/.cargo/registry/src/index.crates.io-6f17d22bba15001f/wgpu-hal-23.0.0/src/vulkan/instance.rs:79 [INFO] - GENERAL [Loader Message (0x0)]
    	linux_read_sorted_physical_devices:
/home/mrbigoudi/.cargo/registry/src/index.crates.io-6f17d22bba15001f/wgpu-hal-23.0.0/src/vulkan/instance.rs:131 [INFO] - 	objects: (type: INSTANCE, hndl: 0x59a8ce435cc0, name: ?)
/home/mrbigoudi/.cargo/registry/src/index.crates.io-6f17d22bba15001f/wgpu-hal-23.0.0/src/vulkan/instance.rs:79 [INFO] - GENERAL [Loader Message (0x0)]
    	     Original order:
/home/mrbigoudi/.cargo/registry/src/index.crates.io-6f17d22bba15001f/wgpu-hal-23.0.0/src/vulkan/instance.rs:131 [INFO] - 	objects: (type: INSTANCE, hndl: 0x59a8ce435cc0, name: ?)
/home/mrbigoudi/.cargo/registry/src/index.crates.io-6f17d22bba15001f/wgpu-hal-23.0.0/src/vulkan/instance.rs:79 [INFO] - GENERAL [Loader Message (0x0)]
    	           [0] Intel(R) Xe Graphics (TGL GT2)
/home/mrbigoudi/.cargo/registry/src/index.crates.io-6f17d22bba15001f/wgpu-hal-23.0.0/src/vulkan/instance.rs:131 [INFO] - 	objects: (type: INSTANCE, hndl: 0x59a8ce435cc0, name: ?)
/home/mrbigoudi/.cargo/registry/src/index.crates.io-6f17d22bba15001f/wgpu-hal-23.0.0/src/vulkan/instance.rs:79 [INFO] - GENERAL [Loader Message (0x0)]
    	     Sorted order:
/home/mrbigoudi/.cargo/registry/src/index.crates.io-6f17d22bba15001f/wgpu-hal-23.0.0/src/vulkan/instance.rs:131 [INFO] - 	objects: (type: INSTANCE, hndl: 0x59a8ce435cc0, name: ?)
/home/mrbigoudi/.cargo/registry/src/index.crates.io-6f17d22bba15001f/wgpu-hal-23.0.0/src/vulkan/instance.rs:79 [INFO] - GENERAL [Loader Message (0x0)]
    	           [0] Intel(R) Xe Graphics (TGL GT2)  
/home/mrbigoudi/.cargo/registry/src/index.crates.io-6f17d22bba15001f/wgpu-hal-23.0.0/src/vulkan/instance.rs:131 [INFO] - 	objects: (type: INSTANCE, hndl: 0x59a8ce435cc0, name: ?)
/home/mrbigoudi/.cargo/registry/src/index.crates.io-6f17d22bba15001f/wgpu-hal-23.0.0/src/vulkan/instance.rs:79 [DEBUG] - GENERAL [Loader Message (0x0)]
    	Copying old device 0 into new device 0
/home/mrbigoudi/.cargo/registry/src/index.crates.io-6f17d22bba15001f/wgpu-hal-23.0.0/src/vulkan/instance.rs:131 [DEBUG] - 	objects: (type: INSTANCE, hndl: 0x59a8ce435cc0, name: ?)
/home/mrbigoudi/.cargo/registry/src/index.crates.io-6f17d22bba15001f/wgpu-hal-23.0.0/src/vulkan/instance.rs:79 [INFO] - GENERAL [Loader Message (0x0)]
    	linux_read_sorted_physical_devices:
/home/mrbigoudi/.cargo/registry/src/index.crates.io-6f17d22bba15001f/wgpu-hal-23.0.0/src/vulkan/instance.rs:131 [INFO] - 	objects: (type: INSTANCE, hndl: 0x59a8ce435cc0, name: ?)
/home/mrbigoudi/.cargo/registry/src/index.crates.io-6f17d22bba15001f/wgpu-hal-23.0.0/src/vulkan/instance.rs:79 [INFO] - GENERAL [Loader Message (0x0)]
    	     Original order:
/home/mrbigoudi/.cargo/registry/src/index.crates.io-6f17d22bba15001f/wgpu-hal-23.0.0/src/vulkan/instance.rs:131 [INFO] - 	objects: (type: INSTANCE, hndl: 0x59a8ce435cc0, name: ?)
/home/mrbigoudi/.cargo/registry/src/index.crates.io-6f17d22bba15001f/wgpu-hal-23.0.0/src/vulkan/instance.rs:79 [INFO] - GENERAL [Loader Message (0x0)]
    	           [0] Intel(R) Xe Graphics (TGL GT2)
/home/mrbigoudi/.cargo/registry/src/index.crates.io-6f17d22bba15001f/wgpu-hal-23.0.0/src/vulkan/instance.rs:131 [INFO] - 	objects: (type: INSTANCE, hndl: 0x59a8ce435cc0, name: ?)
/home/mrbigoudi/.cargo/registry/src/index.crates.io-6f17d22bba15001f/wgpu-hal-23.0.0/src/vulkan/instance.rs:79 [INFO] - GENERAL [Loader Message (0x0)]
    	     Sorted order:
/home/mrbigoudi/.cargo/registry/src/index.crates.io-6f17d22bba15001f/wgpu-hal-23.0.0/src/vulkan/instance.rs:131 [INFO] - 	objects: (type: INSTANCE, hndl: 0x59a8ce435cc0, name: ?)
/home/mrbigoudi/.cargo/registry/src/index.crates.io-6f17d22bba15001f/wgpu-hal-23.0.0/src/vulkan/instance.rs:79 [INFO] - GENERAL [Loader Message (0x0)]
    	           [0] Intel(R) Xe Graphics (TGL GT2)  
/home/mrbigoudi/.cargo/registry/src/index.crates.io-6f17d22bba15001f/wgpu-hal-23.0.0/src/vulkan/instance.rs:131 [INFO] - 	objects: (type: INSTANCE, hndl: 0x59a8ce435cc0, name: ?)
/home/mrbigoudi/.cargo/registry/src/index.crates.io-6f17d22bba15001f/wgpu-hal-23.0.0/src/vulkan/instance.rs:79 [DEBUG] - GENERAL [Loader Message (0x0)]
    	Copying old device 0 into new device 0
/home/mrbigoudi/.cargo/registry/src/index.crates.io-6f17d22bba15001f/wgpu-hal-23.0.0/src/vulkan/instance.rs:131 [DEBUG] - 	objects: (type: INSTANCE, hndl: 0x59a8ce435cc0, name: ?)
/home/mrbigoudi/.cargo/registry/src/index.crates.io-6f17d22bba15001f/wgpu-hal-23.0.0/src/vulkan/instance.rs:79 [INFO] - GENERAL [Loader Message (0x0)]
    	Removing driver /usr/lib/libvulkan_intel_hasvk.so due to not having any physical devices
/home/mrbigoudi/.cargo/registry/src/index.crates.io-6f17d22bba15001f/wgpu-hal-23.0.0/src/vulkan/instance.rs:131 [INFO] - 	objects: (type: INSTANCE, hndl: 0x59a8ce435cc0, name: ?)
/home/mrbigoudi/.cargo/registry/src/index.crates.io-6f17d22bba15001f/wgpu-core-23.0.0/src/instance.rs:382 [INFO] - Adapter AdapterInfo { name: "Intel(R) Xe Graphics (TGL GT2)", vendor: 32902, device: 39497, device_type: IntegratedGpu, driver: "Intel open-source Mesa driver", driver_info: "Mesa 24.2.6-arch1.1", backend: Vulkan }
/home/mrbigoudi/.cargo/registry/src/index.crates.io-6f17d22bba15001f/wgpu-hal-23.0.0/src/vulkan/adapter.rs:1612 [DEBUG] - Supported extensions: ["VK_KHR_swapchain", "VK_KHR_swapchain_mutable_format", "VK_EXT_robustness2"]
/home/mrbigoudi/.cargo/registry/src/index.crates.io-6f17d22bba15001f/wgpu-hal-23.0.0/src/vulkan/instance.rs:79 [INFO] - GENERAL [Loader Message (0x0)]
    	Inserted device layer "VK_LAYER_KHRONOS_validation" (libVkLayer_khronos_validation.so)
/home/mrbigoudi/.cargo/registry/src/index.crates.io-6f17d22bba15001f/wgpu-hal-23.0.0/src/vulkan/instance.rs:131 [INFO] - 	objects: (type: INSTANCE, hndl: 0x59a8ce435cc0, name: ?)
/home/mrbigoudi/.cargo/registry/src/index.crates.io-6f17d22bba15001f/wgpu-hal-23.0.0/src/vulkan/instance.rs:79 [INFO] - GENERAL [Loader Message (0x0)]
    	vkCreateDevice layer callstack setup to:
/home/mrbigoudi/.cargo/registry/src/index.crates.io-6f17d22bba15001f/wgpu-hal-23.0.0/src/vulkan/instance.rs:131 [INFO] - 	objects: (type: INSTANCE, hndl: 0x59a8ce435cc0, name: ?)
/home/mrbigoudi/.cargo/registry/src/index.crates.io-6f17d22bba15001f/wgpu-hal-23.0.0/src/vulkan/instance.rs:79 [INFO] - GENERAL [Loader Message (0x0)]
    	   <Application>
/home/mrbigoudi/.cargo/registry/src/index.crates.io-6f17d22bba15001f/wgpu-hal-23.0.0/src/vulkan/instance.rs:131 [INFO] - 	objects: (type: INSTANCE, hndl: 0x59a8ce435cc0, name: ?)
/home/mrbigoudi/.cargo/registry/src/index.crates.io-6f17d22bba15001f/wgpu-hal-23.0.0/src/vulkan/instance.rs:79 [INFO] - GENERAL [Loader Message (0x0)]
    	     ||
/home/mrbigoudi/.cargo/registry/src/index.crates.io-6f17d22bba15001f/wgpu-hal-23.0.0/src/vulkan/instance.rs:131 [INFO] - 	objects: (type: INSTANCE, hndl: 0x59a8ce435cc0, name: ?)
/home/mrbigoudi/.cargo/registry/src/index.crates.io-6f17d22bba15001f/wgpu-hal-23.0.0/src/vulkan/instance.rs:79 [INFO] - GENERAL [Loader Message (0x0)]
    	   <Loader>
/home/mrbigoudi/.cargo/registry/src/index.crates.io-6f17d22bba15001f/wgpu-hal-23.0.0/src/vulkan/instance.rs:131 [INFO] - 	objects: (type: INSTANCE, hndl: 0x59a8ce435cc0, name: ?)
/home/mrbigoudi/.cargo/registry/src/index.crates.io-6f17d22bba15001f/wgpu-hal-23.0.0/src/vulkan/instance.rs:79 [INFO] - GENERAL [Loader Message (0x0)]
    	     ||
/home/mrbigoudi/.cargo/registry/src/index.crates.io-6f17d22bba15001f/wgpu-hal-23.0.0/src/vulkan/instance.rs:131 [INFO] - 	objects: (type: INSTANCE, hndl: 0x59a8ce435cc0, name: ?)
/home/mrbigoudi/.cargo/registry/src/index.crates.io-6f17d22bba15001f/wgpu-hal-23.0.0/src/vulkan/instance.rs:79 [INFO] - GENERAL [Loader Message (0x0)]
    	   VK_LAYER_KHRONOS_validation
/home/mrbigoudi/.cargo/registry/src/index.crates.io-6f17d22bba15001f/wgpu-hal-23.0.0/src/vulkan/instance.rs:131 [INFO] - 	objects: (type: INSTANCE, hndl: 0x59a8ce435cc0, name: ?)
/home/mrbigoudi/.cargo/registry/src/index.crates.io-6f17d22bba15001f/wgpu-hal-23.0.0/src/vulkan/instance.rs:79 [INFO] - GENERAL [Loader Message (0x0)]
    	           Type: Explicit
/home/mrbigoudi/.cargo/registry/src/index.crates.io-6f17d22bba15001f/wgpu-hal-23.0.0/src/vulkan/instance.rs:131 [INFO] - 	objects: (type: INSTANCE, hndl: 0x59a8ce435cc0, name: ?)
/home/mrbigoudi/.cargo/registry/src/index.crates.io-6f17d22bba15001f/wgpu-hal-23.0.0/src/vulkan/instance.rs:79 [INFO] - GENERAL [Loader Message (0x0)]
    	           Manifest: /usr/share/vulkan/explicit_layer.d/VkLayer_khronos_validation.json
/home/mrbigoudi/.cargo/registry/src/index.crates.io-6f17d22bba15001f/wgpu-hal-23.0.0/src/vulkan/instance.rs:131 [INFO] - 	objects: (type: INSTANCE, hndl: 0x59a8ce435cc0, name: ?)
/home/mrbigoudi/.cargo/registry/src/index.crates.io-6f17d22bba15001f/wgpu-hal-23.0.0/src/vulkan/instance.rs:79 [INFO] - GENERAL [Loader Message (0x0)]
    	           Library:  libVkLayer_khronos_validation.so
/home/mrbigoudi/.cargo/registry/src/index.crates.io-6f17d22bba15001f/wgpu-hal-23.0.0/src/vulkan/instance.rs:131 [INFO] - 	objects: (type: INSTANCE, hndl: 0x59a8ce435cc0, name: ?)
/home/mrbigoudi/.cargo/registry/src/index.crates.io-6f17d22bba15001f/wgpu-hal-23.0.0/src/vulkan/instance.rs:79 [INFO] - GENERAL [Loader Message (0x0)]
    	     ||
/home/mrbigoudi/.cargo/registry/src/index.crates.io-6f17d22bba15001f/wgpu-hal-23.0.0/src/vulkan/instance.rs:131 [INFO] - 	objects: (type: INSTANCE, hndl: 0x59a8ce435cc0, name: ?)
/home/mrbigoudi/.cargo/registry/src/index.crates.io-6f17d22bba15001f/wgpu-hal-23.0.0/src/vulkan/instance.rs:79 [INFO] - GENERAL [Loader Message (0x0)]
    	   <Device>
/home/mrbigoudi/.cargo/registry/src/index.crates.io-6f17d22bba15001f/wgpu-hal-23.0.0/src/vulkan/instance.rs:131 [INFO] - 	objects: (type: INSTANCE, hndl: 0x59a8ce435cc0, name: ?)
/home/mrbigoudi/.cargo/registry/src/index.crates.io-6f17d22bba15001f/wgpu-hal-23.0.0/src/vulkan/instance.rs:79 [INFO] - GENERAL [Loader Message (0x0)]
    	       Using "Intel(R) Xe Graphics (TGL GT2)" with driver: "/usr/lib/libvulkan_intel.so"
/home/mrbigoudi/.cargo/registry/src/index.crates.io-6f17d22bba15001f/wgpu-hal-23.0.0/src/vulkan/instance.rs:131 [INFO] - 	objects: (type: INSTANCE, hndl: 0x59a8ce435cc0, name: ?)
/home/mrbigoudi/.cargo/registry/src/index.crates.io-6f17d22bba15001f/naga-23.0.0/src/front/mod.rs:115 [DEBUG] - Resolving [0] = Literal(AbstractInt(6)) : Value(Scalar(Scalar { kind: AbstractInt, width: 8 }))
/home/mrbigoudi/.cargo/registry/src/index.crates.io-6f17d22bba15001f/naga-23.0.0/src/front/mod.rs:115 [DEBUG] - Resolving [1] = Literal(I32(6)) : Value(Scalar(Scalar { kind: Sint, width: 4 }))
/home/mrbigoudi/.cargo/registry/src/index.crates.io-6f17d22bba15001f/naga-23.0.0/src/front/mod.rs:115 [DEBUG] - Resolving [2] = Literal(AbstractInt(0)) : Value(Scalar(Scalar { kind: AbstractInt, width: 8 }))
/home/mrbigoudi/.cargo/registry/src/index.crates.io-6f17d22bba15001f/naga-23.0.0/src/front/mod.rs:115 [DEBUG] - Resolving [3] = Literal(I32(0)) : Value(Scalar(Scalar { kind: Sint, width: 4 }))
/home/mrbigoudi/.cargo/registry/src/index.crates.io-6f17d22bba15001f/naga-23.0.0/src/front/mod.rs:115 [DEBUG] - Resolving [4] = Literal(AbstractInt(0)) : Value(Scalar(Scalar { kind: AbstractInt, width: 8 }))
/home/mrbigoudi/.cargo/registry/src/index.crates.io-6f17d22bba15001f/naga-23.0.0/src/front/mod.rs:115 [DEBUG] - Resolving [5] = Literal(I32(0)) : Value(Scalar(Scalar { kind: Sint, width: 4 }))
/home/mrbigoudi/.cargo/registry/src/index.crates.io-6f17d22bba15001f/naga-23.0.0/src/front/mod.rs:115 [DEBUG] - Resolving [6] = Literal(AbstractInt(1)) : Value(Scalar(Scalar { kind: AbstractInt, width: 8 }))
/home/mrbigoudi/.cargo/registry/src/index.crates.io-6f17d22bba15001f/naga-23.0.0/src/front/mod.rs:115 [DEBUG] - Resolving [7] = Literal(I32(1)) : Value(Scalar(Scalar { kind: Sint, width: 4 }))
/home/mrbigoudi/.cargo/registry/src/index.crates.io-6f17d22bba15001f/naga-23.0.0/src/front/mod.rs:115 [DEBUG] - Resolving [8] = Literal(AbstractInt(0)) : Value(Scalar(Scalar { kind: AbstractInt, width: 8 }))
/home/mrbigoudi/.cargo/registry/src/index.crates.io-6f17d22bba15001f/naga-23.0.0/src/front/mod.rs:115 [DEBUG] - Resolving [0] = GlobalVariable([1]) : Value(Pointer { base: [2], space: Storage { access: StorageAccess(LOAD) } })
/home/mrbigoudi/.cargo/registry/src/index.crates.io-6f17d22bba15001f/naga-23.0.0/src/front/mod.rs:115 [DEBUG] - Resolving [1] = GlobalVariable([2]) : Value(Pointer { base: [3], space: PushConstant })
/home/mrbigoudi/.cargo/registry/src/index.crates.io-6f17d22bba15001f/naga-23.0.0/src/front/mod.rs:115 [DEBUG] - Resolving [2] = AccessIndex { base: [1], index: 0 } : Value(Pointer { base: [0], space: PushConstant })
/home/mrbigoudi/.cargo/registry/src/index.crates.io-6f17d22bba15001f/naga-23.0.0/src/front/mod.rs:115 [DEBUG] - Resolving [3] = Load { pointer: [2] } : Handle([0])
/home/mrbigoudi/.cargo/registry/src/index.crates.io-6f17d22bba15001f/naga-23.0.0/src/front/mod.rs:115 [DEBUG] - Resolving [4] = Access { base: [0], index: [3] } : Value(Pointer { base: [0], space: Storage { access: StorageAccess(LOAD) } })
/home/mrbigoudi/.cargo/registry/src/index.crates.io-6f17d22bba15001f/naga-23.0.0/src/front/mod.rs:115 [DEBUG] - Resolving [5] = Load { pointer: [4] } : Handle([0])
/home/mrbigoudi/.cargo/registry/src/index.crates.io-6f17d22bba15001f/naga-23.0.0/src/front/mod.rs:115 [DEBUG] - Resolving [6] = GlobalVariable([1]) : Value(Pointer { base: [2], space: Storage { access: StorageAccess(LOAD) } })
/home/mrbigoudi/.cargo/registry/src/index.crates.io-6f17d22bba15001f/naga-23.0.0/src/front/mod.rs:115 [DEBUG] - Resolving [7] = GlobalVariable([2]) : Value(Pointer { base: [3], space: PushConstant })
/home/mrbigoudi/.cargo/registry/src/index.crates.io-6f17d22bba15001f/naga-23.0.0/src/front/mod.rs:115 [DEBUG] - Resolving [8] = AccessIndex { base: [7], index: 0 } : Value(Pointer { base: [0], space: PushConstant })
/home/mrbigoudi/.cargo/registry/src/index.crates.io-6f17d22bba15001f/naga-23.0.0/src/front/mod.rs:115 [DEBUG] - Resolving [9] = Load { pointer: [8] } : Handle([0])
/home/mrbigoudi/.cargo/registry/src/index.crates.io-6f17d22bba15001f/naga-23.0.0/src/front/mod.rs:115 [DEBUG] - Resolving [10] = Literal(AbstractInt(1)) : Value(Scalar(Scalar { kind: AbstractInt, width: 8 }))
/home/mrbigoudi/.cargo/registry/src/index.crates.io-6f17d22bba15001f/naga-23.0.0/src/front/wgsl/lower/conversion.rs:304 [DEBUG] - wgsl automatic_conversion_consensus: ["u32", "{AbstractInt}"]
/home/mrbigoudi/.cargo/registry/src/index.crates.io-6f17d22bba15001f/naga-23.0.0/src/front/wgsl/lower/conversion.rs:322 [DEBUG] -     consensus: "u32"
/home/mrbigoudi/.cargo/registry/src/index.crates.io-6f17d22bba15001f/naga-23.0.0/src/front/mod.rs:115 [DEBUG] - Resolving [11] = Literal(U32(1)) : Value(Scalar(Scalar { kind: Uint, width: 4 }))
/home/mrbigoudi/.cargo/registry/src/index.crates.io-6f17d22bba15001f/naga-23.0.0/src/front/mod.rs:115 [DEBUG] - Resolving [12] = Binary { op: Add, left: [9], right: [11] } : Handle([0])
/home/mrbigoudi/.cargo/registry/src/index.crates.io-6f17d22bba15001f/naga-23.0.0/src/front/mod.rs:115 [DEBUG] - Resolving [13] = Access { base: [6], index: [12] } : Value(Pointer { base: [0], space: Storage { access: StorageAccess(LOAD) } })
/home/mrbigoudi/.cargo/registry/src/index.crates.io-6f17d22bba15001f/naga-23.0.0/src/front/mod.rs:115 [DEBUG] - Resolving [14] = Load { pointer: [13] } : Handle([0])
/home/mrbigoudi/.cargo/registry/src/index.crates.io-6f17d22bba15001f/naga-23.0.0/src/front/mod.rs:115 [DEBUG] - Resolving [15] = GlobalVariable([1]) : Value(Pointer { base: [2], space: Storage { access: StorageAccess(LOAD) } })
/home/mrbigoudi/.cargo/registry/src/index.crates.io-6f17d22bba15001f/naga-23.0.0/src/front/mod.rs:115 [DEBUG] - Resolving [16] = GlobalVariable([2]) : Value(Pointer { base: [3], space: PushConstant })
/home/mrbigoudi/.cargo/registry/src/index.crates.io-6f17d22bba15001f/naga-23.0.0/src/front/mod.rs:115 [DEBUG] - Resolving [17] = AccessIndex { base: [16], index: 0 } : Value(Pointer { base: [0], space: PushConstant })
/home/mrbigoudi/.cargo/registry/src/index.crates.io-6f17d22bba15001f/naga-23.0.0/src/front/mod.rs:115 [DEBUG] - Resolving [18] = Load { pointer: [17] } : Handle([0])
/home/mrbigoudi/.cargo/registry/src/index.crates.io-6f17d22bba15001f/naga-23.0.0/src/front/mod.rs:115 [DEBUG] - Resolving [19] = Literal(AbstractInt(2)) : Value(Scalar(Scalar { kind: AbstractInt, width: 8 }))
/home/mrbigoudi/.cargo/registry/src/index.crates.io-6f17d22bba15001f/naga-23.0.0/src/front/wgsl/lower/conversion.rs:304 [DEBUG] - wgsl automatic_conversion_consensus: ["u32", "{AbstractInt}"]
/home/mrbigoudi/.cargo/registry/src/index.crates.io-6f17d22bba15001f/naga-23.0.0/src/front/wgsl/lower/conversion.rs:322 [DEBUG] -     consensus: "u32"
/home/mrbigoudi/.cargo/registry/src/index.crates.io-6f17d22bba15001f/naga-23.0.0/src/front/mod.rs:115 [DEBUG] - Resolving [20] = Literal(U32(2)) : Value(Scalar(Scalar { kind: Uint, width: 4 }))
/home/mrbigoudi/.cargo/registry/src/index.crates.io-6f17d22bba15001f/naga-23.0.0/src/front/mod.rs:115 [DEBUG] - Resolving [21] = Binary { op: Add, left: [18], right: [20] } : Handle([0])
/home/mrbigoudi/.cargo/registry/src/index.crates.io-6f17d22bba15001f/naga-23.0.0/src/front/mod.rs:115 [DEBUG] - Resolving [22] = Access { base: [15], index: [21] } : Value(Pointer { base: [0], space: Storage { access: StorageAccess(LOAD) } })
/home/mrbigoudi/.cargo/registry/src/index.crates.io-6f17d22bba15001f/naga-23.0.0/src/front/mod.rs:115 [DEBUG] - Resolving [23] = Load { pointer: [22] } : Handle([0])
/home/mrbigoudi/.cargo/registry/src/index.crates.io-6f17d22bba15001f/naga-23.0.0/src/front/wgsl/lower/conversion.rs:304 [DEBUG] - wgsl automatic_conversion_consensus: ["u32", "u32", "u32"]
/home/mrbigoudi/.cargo/registry/src/index.crates.io-6f17d22bba15001f/naga-23.0.0/src/front/wgsl/lower/conversion.rs:322 [DEBUG] -     consensus: "u32"
/home/mrbigoudi/.cargo/registry/src/index.crates.io-6f17d22bba15001f/naga-23.0.0/src/front/mod.rs:115 [DEBUG] - Resolving [24] = Compose { ty: [4], components: [[5], [14], [23]] } : Handle([4])
/home/mrbigoudi/.cargo/registry/src/index.crates.io-6f17d22bba15001f/naga-23.0.0/src/front/mod.rs:115 [DEBUG] - Resolving [25] = Literal(U32(65535)) : Value(Scalar(Scalar { kind: Uint, width: 4 }))
/home/mrbigoudi/.cargo/registry/src/index.crates.io-6f17d22bba15001f/naga-23.0.0/src/front/mod.rs:115 [DEBUG] - Resolving [26] = AccessIndex { base: [24], index: 0 } : Value(Scalar(Scalar { kind: Uint, width: 4 }))
/home/mrbigoudi/.cargo/registry/src/index.crates.io-6f17d22bba15001f/naga-23.0.0/src/front/wgsl/lower/conversion.rs:304 [DEBUG] - wgsl automatic_conversion_consensus: ["u32", "u32"]
/home/mrbigoudi/.cargo/registry/src/index.crates.io-6f17d22bba15001f/naga-23.0.0/src/front/wgsl/lower/conversion.rs:322 [DEBUG] -     consensus: "u32"
/home/mrbigoudi/.cargo/registry/src/index.crates.io-6f17d22bba15001f/naga-23.0.0/src/front/mod.rs:115 [DEBUG] - Resolving [27] = Binary { op: Greater, left: [26], right: [25] } : Value(Scalar(Scalar { kind: Bool, width: 1 }))
/home/mrbigoudi/.cargo/registry/src/index.crates.io-6f17d22bba15001f/naga-23.0.0/src/front/mod.rs:115 [DEBUG] - Resolving [28] = AccessIndex { base: [24], index: 1 } : Value(Scalar(Scalar { kind: Uint, width: 4 }))
/home/mrbigoudi/.cargo/registry/src/index.crates.io-6f17d22bba15001f/naga-23.0.0/src/front/wgsl/lower/conversion.rs:304 [DEBUG] - wgsl automatic_conversion_consensus: ["u32", "u32"]
/home/mrbigoudi/.cargo/registry/src/index.crates.io-6f17d22bba15001f/naga-23.0.0/src/front/wgsl/lower/conversion.rs:322 [DEBUG] -     consensus: "u32"
/home/mrbigoudi/.cargo/registry/src/index.crates.io-6f17d22bba15001f/naga-23.0.0/src/front/mod.rs:115 [DEBUG] - Resolving [29] = Binary { op: Greater, left: [28], right: [25] } : Value(Scalar(Scalar { kind: Bool, width: 1 }))
/home/mrbigoudi/.cargo/registry/src/index.crates.io-6f17d22bba15001f/naga-23.0.0/src/front/wgsl/lower/conversion.rs:304 [DEBUG] - wgsl automatic_conversion_consensus: ["bool", "bool"]
/home/mrbigoudi/.cargo/registry/src/index.crates.io-6f17d22bba15001f/naga-23.0.0/src/front/wgsl/lower/conversion.rs:322 [DEBUG] -     consensus: "bool"
/home/mrbigoudi/.cargo/registry/src/index.crates.io-6f17d22bba15001f/naga-23.0.0/src/front/mod.rs:115 [DEBUG] - Resolving [30] = Binary { op: LogicalOr, left: [27], right: [29] } : Value(Scalar(Scalar { kind: Bool, width: 1 }))
/home/mrbigoudi/.cargo/registry/src/index.crates.io-6f17d22bba15001f/naga-23.0.0/src/front/mod.rs:115 [DEBUG] - Resolving [31] = AccessIndex { base: [24], index: 2 } : Value(Scalar(Scalar { kind: Uint, width: 4 }))
/home/mrbigoudi/.cargo/registry/src/index.crates.io-6f17d22bba15001f/naga-23.0.0/src/front/wgsl/lower/conversion.rs:304 [DEBUG] - wgsl automatic_conversion_consensus: ["u32", "u32"]
/home/mrbigoudi/.cargo/registry/src/index.crates.io-6f17d22bba15001f/naga-23.0.0/src/front/wgsl/lower/conversion.rs:322 [DEBUG] -     consensus: "u32"
/home/mrbigoudi/.cargo/registry/src/index.crates.io-6f17d22bba15001f/naga-23.0.0/src/front/mod.rs:115 [DEBUG] - Resolving [32] = Binary { op: Greater, left: [31], right: [25] } : Value(Scalar(Scalar { kind: Bool, width: 1 }))
/home/mrbigoudi/.cargo/registry/src/index.crates.io-6f17d22bba15001f/naga-23.0.0/src/front/wgsl/lower/conversion.rs:304 [DEBUG] - wgsl automatic_conversion_consensus: ["bool", "bool"]
/home/mrbigoudi/.cargo/registry/src/index.crates.io-6f17d22bba15001f/naga-23.0.0/src/front/wgsl/lower/conversion.rs:322 [DEBUG] -     consensus: "bool"
/home/mrbigoudi/.cargo/registry/src/index.crates.io-6f17d22bba15001f/naga-23.0.0/src/front/mod.rs:115 [DEBUG] - Resolving [33] = Binary { op: LogicalOr, left: [30], right: [32] } : Value(Scalar(Scalar { kind: Bool, width: 1 }))
/home/mrbigoudi/.cargo/registry/src/index.crates.io-6f17d22bba15001f/naga-23.0.0/src/front/mod.rs:115 [DEBUG] - Resolving [34] = GlobalVariable([0]) : Value(Pointer { base: [1], space: Storage { access: StorageAccess(LOAD | STORE) } })
/home/mrbigoudi/.cargo/registry/src/index.crates.io-6f17d22bba15001f/naga-23.0.0/src/front/mod.rs:115 [DEBUG] - Resolving [35] = Literal(U32(0)) : Value(Scalar(Scalar { kind: Uint, width: 4 }))
/home/mrbigoudi/.cargo/registry/src/index.crates.io-6f17d22bba15001f/naga-23.0.0/src/front/mod.rs:115 [DEBUG] - Resolving [36] = Literal(U32(0)) : Value(Scalar(Scalar { kind: Uint, width: 4 }))
/home/mrbigoudi/.cargo/registry/src/index.crates.io-6f17d22bba15001f/naga-23.0.0/src/front/mod.rs:115 [DEBUG] - Resolving [37] = Literal(U32(0)) : Value(Scalar(Scalar { kind: Uint, width: 4 }))
/home/mrbigoudi/.cargo/registry/src/index.crates.io-6f17d22bba15001f/naga-23.0.0/src/front/mod.rs:115 [DEBUG] - Resolving [38] = Literal(U32(0)) : Value(Scalar(Scalar { kind: Uint, width: 4 }))
/home/mrbigoudi/.cargo/registry/src/index.crates.io-6f17d22bba15001f/naga-23.0.0/src/front/mod.rs:115 [DEBUG] - Resolving [39] = Literal(U32(0)) : Value(Scalar(Scalar { kind: Uint, width: 4 }))
/home/mrbigoudi/.cargo/registry/src/index.crates.io-6f17d22bba15001f/naga-23.0.0/src/front/mod.rs:115 [DEBUG] - Resolving [40] = Literal(U32(0)) : Value(Scalar(Scalar { kind: Uint, width: 4 }))
/home/mrbigoudi/.cargo/registry/src/index.crates.io-6f17d22bba15001f/naga-23.0.0/src/front/wgsl/lower/conversion.rs:304 [DEBUG] - wgsl automatic_conversion_consensus: ["u32", "u32", "u32", "u32", "u32", "u32"]
/home/mrbigoudi/.cargo/registry/src/index.crates.io-6f17d22bba15001f/naga-23.0.0/src/front/wgsl/lower/conversion.rs:322 [DEBUG] -     consensus: "u32"
/home/mrbigoudi/.cargo/registry/src/index.crates.io-6f17d22bba15001f/naga-23.0.0/src/front/mod.rs:115 [DEBUG] - Resolving [41] = Compose { ty: [1], components: [[35], [36], [37], [38], [39], [40]] } : Handle([1])
/home/mrbigoudi/.cargo/registry/src/index.crates.io-6f17d22bba15001f/naga-23.0.0/src/front/mod.rs:115 [DEBUG] - Resolving [42] = GlobalVariable([0]) : Value(Pointer { base: [1], space: Storage { access: StorageAccess(LOAD | STORE) } })
/home/mrbigoudi/.cargo/registry/src/index.crates.io-6f17d22bba15001f/naga-23.0.0/src/front/mod.rs:115 [DEBUG] - Resolving [43] = AccessIndex { base: [24], index: 0 } : Value(Scalar(Scalar { kind: Uint, width: 4 }))
/home/mrbigoudi/.cargo/registry/src/index.crates.io-6f17d22bba15001f/naga-23.0.0/src/front/mod.rs:115 [DEBUG] - Resolving [44] = AccessIndex { base: [24], index: 1 } : Value(Scalar(Scalar { kind: Uint, width: 4 }))
/home/mrbigoudi/.cargo/registry/src/index.crates.io-6f17d22bba15001f/naga-23.0.0/src/front/mod.rs:115 [DEBUG] - Resolving [45] = AccessIndex { base: [24], index: 2 } : Value(Scalar(Scalar { kind: Uint, width: 4 }))
/home/mrbigoudi/.cargo/registry/src/index.crates.io-6f17d22bba15001f/naga-23.0.0/src/front/mod.rs:115 [DEBUG] - Resolving [46] = AccessIndex { base: [24], index: 0 } : Value(Scalar(Scalar { kind: Uint, width: 4 }))
/home/mrbigoudi/.cargo/registry/src/index.crates.io-6f17d22bba15001f/naga-23.0.0/src/front/mod.rs:115 [DEBUG] - Resolving [47] = AccessIndex { base: [24], index: 1 } : Value(Scalar(Scalar { kind: Uint, width: 4 }))
/home/mrbigoudi/.cargo/registry/src/index.crates.io-6f17d22bba15001f/naga-23.0.0/src/front/mod.rs:115 [DEBUG] - Resolving [48] = AccessIndex { base: [24], index: 2 } : Value(Scalar(Scalar { kind: Uint, width: 4 }))
/home/mrbigoudi/.cargo/registry/src/index.crates.io-6f17d22bba15001f/naga-23.0.0/src/front/wgsl/lower/conversion.rs:304 [DEBUG] - wgsl automatic_conversion_consensus: ["u32", "u32", "u32", "u32", "u32", "u32"]
/home/mrbigoudi/.cargo/registry/src/index.crates.io-6f17d22bba15001f/naga-23.0.0/src/front/wgsl/lower/conversion.rs:322 [DEBUG] -     consensus: "u32"
/home/mrbigoudi/.cargo/registry/src/index.crates.io-6f17d22bba15001f/naga-23.0.0/src/front/mod.rs:115 [DEBUG] - Resolving [49] = Compose { ty: [1], components: [[43], [44], [45], [46], [47], [48]] } : Handle([1])
/home/mrbigoudi/.cargo/registry/src/index.crates.io-6f17d22bba15001f/naga-23.0.0/src/front/mod.rs:115 [DEBUG] - Resolving [9] = Literal(I32(0)) : Value(Scalar(Scalar { kind: Sint, width: 4 }))
/home/mrbigoudi/.cargo/registry/src/index.crates.io-6f17d22bba15001f/naga-23.0.0/src/front/mod.rs:115 [DEBUG] - Resolving [10] = Literal(AbstractInt(1)) : Value(Scalar(Scalar { kind: AbstractInt, width: 8 }))
/home/mrbigoudi/.cargo/registry/src/index.crates.io-6f17d22bba15001f/naga-23.0.0/src/valid/interface.rs:468 [DEBUG] - var GlobalVariable { name: Some("dst"), space: Storage { access: StorageAccess(LOAD | STORE) }, binding: Some(ResourceBinding { group: 0, binding: 0 }), ty: [1], init: None }
/home/mrbigoudi/.cargo/registry/src/index.crates.io-6f17d22bba15001f/naga-23.0.0/src/valid/interface.rs:468 [DEBUG] - var GlobalVariable { name: Some("src"), space: Storage { access: StorageAccess(LOAD) }, binding: Some(ResourceBinding { group: 1, binding: 0 }), ty: [2], init: None }
/home/mrbigoudi/.cargo/registry/src/index.crates.io-6f17d22bba15001f/naga-23.0.0/src/valid/interface.rs:468 [DEBUG] - var GlobalVariable { name: Some("offset"), space: PushConstant, binding: None, ty: [3], init: None }
/home/mrbigoudi/.cargo/registry/src/index.crates.io-6f17d22bba15001f/wgpu-hal-23.0.0/src/vulkan/instance.rs:79 [DEBUG] - GENERAL [Loader Message (0x0)]
    	Unloading layer library libVkLayer_khronos_validation.so
/home/mrbigoudi/.cargo/registry/src/index.crates.io-6f17d22bba15001f/wgpu-hal-23.0.0/src/vulkan/instance.rs:131 [DEBUG] - 	objects: (type: INSTANCE, hndl: 0x59a8ce435cc0, name: ?)
